[2021-07-29T15:10:26.770] [DEBUG] cheese - login => username:123,password:123
[2021-07-29T15:10:26.772] [DEBUG] cheese - 123
[2021-07-29T15:10:26.781] [DEBUG] cheese - null
[2021-07-29T15:10:26.781] [DEBUG] cheese - null
[2021-07-29T15:10:57.268] [DEBUG] cheese - login => username:admin,password:123456
[2021-07-29T15:10:57.268] [DEBUG] cheese - admin
[2021-07-29T15:10:57.274] [DEBUG] cheese - null
[2021-07-29T15:10:57.274] [DEBUG] cheese - null
[2021-07-29T15:26:12.297] [DEBUG] cheese - login => username:123,password:123
[2021-07-29T15:26:12.297] [DEBUG] cheese - 123
[2021-07-29T15:26:12.300] [DEBUG] cheese - null
[2021-07-29T15:26:12.300] [DEBUG] cheese - null
[2021-07-29T15:26:22.830] [DEBUG] cheese - login => username:admin,password:123456
[2021-07-29T15:26:22.830] [DEBUG] cheese - admin
[2021-07-29T15:26:22.832] [DEBUG] cheese - null
[2021-07-29T15:26:22.832] [DEBUG] cheese - null
[2021-07-29T16:56:14.928] [DEBUG] cheese - login => username:123,password:123
[2021-07-29T16:56:14.929] [DEBUG] cheese - 123
[2021-07-29T16:56:14.934] [DEBUG] cheese - null
[2021-07-29T16:56:14.934] [DEBUG] cheese - null
[2021-07-29T16:56:26.590] [DEBUG] cheese - login => username:admin,password:123456
[2021-07-29T16:56:26.591] [DEBUG] cheese - admin
[2021-07-29T16:56:26.596] [DEBUG] cheese - null
[2021-07-29T16:56:26.596] [DEBUG] cheese - null
[2021-07-29T16:57:55.527] [DEBUG] cheese - login => username:123,password:123
[2021-07-29T16:57:55.528] [DEBUG] cheese - 123
[2021-07-29T16:57:55.530] [DEBUG] cheese - null
[2021-07-29T16:57:55.530] [DEBUG] cheese - null
[2021-07-29T16:58:05.968] [DEBUG] cheese - login => username:admin,password:123456
[2021-07-29T16:58:05.968] [DEBUG] cheese - admin
[2021-07-29T16:58:05.974] [DEBUG] cheese - null
[2021-07-29T16:58:05.974] [DEBUG] cheese - null
[2021-07-29T16:58:51.695] [DEBUG] cheese - login => username:123,password:123
[2021-07-29T16:58:51.695] [DEBUG] cheese - 123
[2021-07-29T16:58:51.698] [DEBUG] cheese - null
[2021-07-29T16:58:51.698] [DEBUG] cheese - null
[2021-07-29T16:58:58.800] [DEBUG] cheese - login => username:123,password:123
[2021-07-29T16:58:58.800] [DEBUG] cheese - 123
[2021-07-29T16:58:58.802] [DEBUG] cheese - null
[2021-07-29T16:58:58.802] [DEBUG] cheese - null
[2021-07-29T16:59:06.768] [DEBUG] cheese - login => username:123,password:123
[2021-07-29T16:59:06.768] [DEBUG] cheese - 123
[2021-07-29T16:59:06.770] [DEBUG] cheese - null
[2021-07-29T16:59:06.770] [DEBUG] cheese - null
[2021-07-29T16:59:48.231] [DEBUG] cheese - login => username:123,password:123
[2021-07-29T16:59:48.231] [DEBUG] cheese - 123
[2021-07-29T16:59:48.233] [DEBUG] cheese - null
[2021-07-29T16:59:48.233] [DEBUG] cheese - null
[2021-07-29T17:00:33.006] [DEBUG] cheese - login => username:123,password:123
[2021-07-29T17:00:33.006] [DEBUG] cheese - 123
[2021-07-29T17:00:33.008] [DEBUG] cheese - null
[2021-07-29T17:00:33.008] [DEBUG] cheese - null
[2021-07-29T17:01:18.374] [DEBUG] cheese - login => username:123,password:123
[2021-07-29T17:01:18.374] [DEBUG] cheese - 123
[2021-07-29T17:01:18.377] [DEBUG] cheese - null
[2021-07-29T17:01:18.377] [DEBUG] cheese - null
[2021-07-29T17:01:25.279] [DEBUG] cheese - login => username:admin,password:123456
[2021-07-29T17:01:25.279] [DEBUG] cheese - admin
[2021-07-29T17:01:25.281] [DEBUG] cheese - null
[2021-07-29T17:01:25.281] [DEBUG] cheese - null
[2021-07-29T17:01:55.326] [DEBUG] cheese - login => username:admin,password:123456
[2021-07-29T17:01:55.326] [DEBUG] cheese - admin
[2021-07-29T17:01:55.328] [DEBUG] cheese - null
[2021-07-29T17:01:55.328] [DEBUG] cheese - null
[2021-07-29T17:02:49.607] [DEBUG] cheese - login => username:123,password:123
[2021-07-29T17:02:49.607] [DEBUG] cheese - 123
[2021-07-29T17:02:49.609] [DEBUG] cheese - null
[2021-07-29T17:02:49.609] [DEBUG] cheese - null
[2021-07-29T17:02:56.606] [DEBUG] cheese - login => username:admin,password:123456
[2021-07-29T17:02:56.606] [DEBUG] cheese - admin
[2021-07-29T17:02:56.609] [DEBUG] cheese - null
[2021-07-29T17:02:56.609] [DEBUG] cheese - null
[2021-07-29T17:03:29.535] [DEBUG] cheese - login => username:123,password:123
[2021-07-29T17:03:29.535] [DEBUG] cheese - 123
[2021-07-29T17:03:29.537] [DEBUG] cheese - null
[2021-07-29T17:03:29.537] [DEBUG] cheese - null
[2021-07-29T17:03:35.350] [DEBUG] cheese - login => username:admin,password:123456
[2021-07-29T17:03:35.350] [DEBUG] cheese - admin
[2021-07-29T17:03:35.352] [DEBUG] cheese - null
[2021-07-29T17:03:35.352] [DEBUG] cheese - null
[2021-07-29T17:04:16.392] [DEBUG] cheese - login => username:admin,password:123456
[2021-07-29T17:04:16.392] [DEBUG] cheese - admin
[2021-07-29T17:04:16.394] [DEBUG] cheese - null
[2021-07-29T17:04:16.394] [DEBUG] cheese - null
[2021-07-29T17:05:03.575] [DEBUG] cheese - login => username:admin,password:123456
[2021-07-29T17:05:03.575] [DEBUG] cheese - admin
[2021-07-29T17:05:03.577] [DEBUG] cheese - null
[2021-07-29T17:05:03.577] [DEBUG] cheese - null
[2021-07-29T17:08:16.006] [DEBUG] cheese - login => username:123,password:123
[2021-07-29T17:08:16.006] [DEBUG] cheese - 123
[2021-07-29T17:08:16.009] [DEBUG] cheese - null
[2021-07-29T17:08:16.009] [DEBUG] cheese - null
[2021-07-29T17:08:22.908] [DEBUG] cheese - login => username:admin,password:123456
[2021-07-29T17:08:22.909] [DEBUG] cheese - admin
[2021-07-29T17:08:22.911] [DEBUG] cheese - null
[2021-07-29T17:08:22.911] [DEBUG] cheese - null
[2021-07-29T17:21:16.077] [DEBUG] cheese - login => username:123,password:123
[2021-07-29T17:21:16.077] [DEBUG] cheese - 123
[2021-07-29T17:21:16.080] [DEBUG] cheese - null
[2021-07-29T17:21:16.080] [DEBUG] cheese - null
[2021-07-29T17:21:24.251] [DEBUG] cheese - login => username:admin,password:123456
[2021-07-29T17:21:24.251] [DEBUG] cheese - admin
[2021-07-29T17:21:24.253] [DEBUG] cheese - null
[2021-07-29T17:21:24.253] [DEBUG] cheese - null
[2021-07-29T17:25:44.683] [DEBUG] cheese - login => username:admin,password:123456
[2021-07-29T17:25:44.684] [DEBUG] cheese - admin
[2021-07-29T17:25:44.686] [DEBUG] cheese - null
[2021-07-29T17:25:44.686] [DEBUG] cheese - null
[2021-07-29T17:27:11.619] [DEBUG] cheese - login => username:admin,password:123456
[2021-07-29T17:27:11.619] [DEBUG] cheese - admin
[2021-07-29T17:27:11.621] [DEBUG] cheese - null
[2021-07-29T17:27:11.621] [DEBUG] cheese - null
[2021-07-29T17:29:51.884] [DEBUG] cheese - login => username:admin,password:123456
[2021-07-29T17:29:51.884] [DEBUG] cheese - admin
[2021-07-29T17:29:51.887] [DEBUG] cheese - null
[2021-07-29T17:29:51.887] [DEBUG] cheese - null
[2021-07-29T17:32:21.068] [DEBUG] cheese - login => username:admin,password:123456
[2021-07-29T17:32:21.068] [DEBUG] cheese - admin
[2021-07-29T17:32:21.070] [DEBUG] cheese - null
[2021-07-29T17:32:21.070] [DEBUG] cheese - null
[2021-07-29T17:37:55.978] [DEBUG] cheese - login => username:123,password:123
[2021-07-29T17:37:55.978] [DEBUG] cheese - 123
[2021-07-29T17:37:55.981] [DEBUG] cheese - null
[2021-07-29T17:37:55.982] [DEBUG] cheese - null
[2021-07-29T17:38:52.209] [DEBUG] cheese - login => username:admin,password:123456
[2021-07-29T17:38:52.209] [DEBUG] cheese - admin
[2021-07-29T17:38:52.211] [DEBUG] cheese - null
[2021-07-29T17:38:52.211] [DEBUG] cheese - null
[2021-07-29T17:40:55.244] [DEBUG] cheese - login => username:admin,password:123456
[2021-07-29T17:40:55.244] [DEBUG] cheese - admin
[2021-07-29T17:40:55.247] [DEBUG] cheese - null
[2021-07-29T17:40:55.247] [DEBUG] cheese - null
[2021-07-29T17:41:49.553] [DEBUG] cheese - login => username:123,password:123
[2021-07-29T17:41:49.554] [DEBUG] cheese - 123
[2021-07-29T17:41:49.555] [DEBUG] cheese - null
[2021-07-29T17:41:49.556] [DEBUG] cheese - null
[2021-07-29T17:41:56.256] [DEBUG] cheese - login => username:admin,password:123456
[2021-07-29T17:41:56.256] [DEBUG] cheese - admin
[2021-07-29T17:41:56.258] [DEBUG] cheese - null
[2021-07-29T17:41:56.258] [DEBUG] cheese - null
[2021-07-29T17:42:22.876] [DEBUG] cheese - login => username:123,password:123
[2021-07-29T17:42:22.876] [DEBUG] cheese - 123
[2021-07-29T17:42:22.879] [DEBUG] cheese - null
[2021-07-29T17:42:22.879] [DEBUG] cheese - null
[2021-07-29T17:42:33.474] [DEBUG] cheese - login => username:admin,password:123456
[2021-07-29T17:42:33.474] [DEBUG] cheese - admin
[2021-07-29T17:42:33.476] [DEBUG] cheese - null
[2021-07-29T17:42:33.476] [DEBUG] cheese - null
[2021-07-29T17:44:07.738] [DEBUG] cheese - login => username:admin,password:123456
[2021-07-29T17:44:07.738] [DEBUG] cheese - admin
[2021-07-29T17:44:07.741] [DEBUG] cheese - null
[2021-07-29T17:44:07.741] [DEBUG] cheese - null
[2021-07-29T17:44:49.739] [DEBUG] cheese - login => username:admin,password:123456
[2021-07-29T17:44:49.740] [DEBUG] cheese - admin
[2021-07-29T17:44:49.742] [DEBUG] cheese - null
[2021-07-29T17:44:49.742] [DEBUG] cheese - null
[2021-07-29T17:45:37.146] [DEBUG] cheese - login => username:admin,password:123456
[2021-07-29T17:45:37.146] [DEBUG] cheese - admin
[2021-07-29T17:45:37.149] [DEBUG] cheese - null
[2021-07-29T17:45:37.149] [DEBUG] cheese - null
[2021-07-29T17:49:44.555] [DEBUG] cheese - login => username:admin,password:123456
[2021-07-29T17:49:44.555] [DEBUG] cheese - admin
[2021-07-29T17:49:44.557] [DEBUG] cheese - null
[2021-07-29T17:49:44.558] [DEBUG] cheese - null
[2021-07-29T18:00:07.729] [DEBUG] cheese - login => username:admin ,password:123456
[2021-07-29T18:00:07.729] [DEBUG] cheese - admin 
[2021-07-29T18:00:07.731] [DEBUG] cheese - null
[2021-07-29T18:00:07.731] [DEBUG] cheese - null
[2021-07-30T08:54:55.819] [DEBUG] cheese - login => username:admin,password:123456
[2021-07-30T08:54:55.821] [DEBUG] cheese - admin
[2021-07-30T08:54:55.840] [DEBUG] cheese - null
[2021-07-30T08:54:55.840] [DEBUG] cheese - null
[2021-07-30T08:58:50.806] [DEBUG] cheese - login => username:admin,password:123456
[2021-07-30T08:58:50.806] [DEBUG] cheese - admin
[2021-07-30T08:58:50.808] [DEBUG] cheese - null
[2021-07-30T08:58:50.808] [DEBUG] cheese - null
[2021-07-30T09:07:29.294] [DEBUG] cheese - login => username:admin,password:123457
[2021-07-30T09:07:29.295] [DEBUG] cheese - admin
[2021-07-30T09:07:29.296] [DEBUG] cheese - null
[2021-07-30T09:07:29.297] [DEBUG] cheese - null
[2021-07-30T09:07:30.420] [DEBUG] cheese - login => username:admin,password:123457
[2021-07-30T09:07:30.420] [DEBUG] cheese - admin
[2021-07-30T09:07:30.423] [DEBUG] cheese - null
[2021-07-30T09:07:30.423] [DEBUG] cheese - null
[2021-07-30T09:08:38.457] [DEBUG] cheese - login => username:admin,password:123456
[2021-07-30T09:08:38.457] [DEBUG] cheese - admin
[2021-07-30T09:08:38.460] [DEBUG] cheese - null
[2021-07-30T09:08:38.460] [DEBUG] cheese - null
[2021-07-30T09:09:37.516] [DEBUG] cheese - login => username:admin,password:123456
[2021-07-30T09:09:37.516] [DEBUG] cheese - admin
[2021-07-30T09:09:37.518] [DEBUG] cheese - null
[2021-07-30T09:09:37.518] [DEBUG] cheese - null
[2021-07-30T09:14:39.612] [DEBUG] cheese - login => username:admin,password:123456
[2021-07-30T09:14:39.613] [DEBUG] cheese - admin
[2021-07-30T09:14:39.615] [DEBUG] cheese - null
[2021-07-30T09:14:39.615] [DEBUG] cheese - null
[2021-07-30T09:16:11.660] [DEBUG] cheese - login => username:admin,password:123456
[2021-07-30T09:16:11.660] [DEBUG] cheese - admin
[2021-07-30T09:16:11.662] [DEBUG] cheese - null
[2021-07-30T09:16:11.662] [DEBUG] cheese - null
[2021-07-30T09:21:18.940] [DEBUG] cheese - login => username:admin,password:123456
[2021-07-30T09:21:18.940] [DEBUG] cheese - admin
[2021-07-30T09:21:18.941] [DEBUG] cheese - null
[2021-07-30T09:21:18.941] [DEBUG] cheese - null
[2021-07-30T09:22:30.628] [DEBUG] cheese - login => username:admin,password:123456
[2021-07-30T09:22:30.628] [DEBUG] cheese - admin
[2021-07-30T09:22:30.630] [DEBUG] cheese - null
[2021-07-30T09:22:30.631] [DEBUG] cheese - null
[2021-07-30T09:23:32.429] [DEBUG] cheese - login => username:admin,password:123456
[2021-07-30T09:23:32.429] [DEBUG] cheese - admin
[2021-07-30T09:23:32.431] [DEBUG] cheese - null
[2021-07-30T09:23:32.431] [DEBUG] cheese - null
[2021-07-30T10:12:53.597] [DEBUG] cheese - login => username:admin,password:123456
[2021-07-30T10:12:53.598] [DEBUG] cheese - admin
[2021-07-30T10:12:53.600] [DEBUG] cheese - null
[2021-07-30T10:12:53.600] [DEBUG] cheese - null
[2021-07-30T10:16:33.372] [DEBUG] cheese - login => username:admin,password:123456
[2021-07-30T10:16:33.372] [DEBUG] cheese - admin
[2021-07-30T10:16:33.373] [DEBUG] cheese - null
[2021-07-30T10:16:33.373] [DEBUG] cheese - null
[2021-07-30T10:20:29.852] [DEBUG] cheese - login => username:admin,password:123456
[2021-07-30T10:20:29.853] [DEBUG] cheese - admin
[2021-07-30T10:20:29.855] [DEBUG] cheese - null
[2021-07-30T10:20:29.855] [DEBUG] cheese - null
[2021-07-30T10:26:07.931] [DEBUG] cheese - login => username:admin,password:123456
[2021-07-30T10:26:07.931] [DEBUG] cheese - admin
[2021-07-30T10:26:07.933] [DEBUG] cheese - null
[2021-07-30T10:26:07.933] [DEBUG] cheese - null
[2021-07-30T10:28:32.689] [DEBUG] cheese - login => username:admin,password:123456
[2021-07-30T10:28:32.689] [DEBUG] cheese - admin
[2021-07-30T10:28:32.691] [DEBUG] cheese - null
[2021-07-30T10:28:32.691] [DEBUG] cheese - null
[2021-07-30T10:29:03.025] [DEBUG] cheese - login => username:admin,password:123456
[2021-07-30T10:29:03.025] [DEBUG] cheese - admin
[2021-07-30T10:29:03.027] [DEBUG] cheese - null
[2021-07-30T10:29:03.028] [DEBUG] cheese - null
[2021-07-30T10:30:58.587] [DEBUG] cheese - login => username:admin,password:123456
[2021-07-30T10:30:58.587] [DEBUG] cheese - admin
[2021-07-30T10:30:58.589] [DEBUG] cheese - null
[2021-07-30T10:30:58.589] [DEBUG] cheese - null
[2021-07-30T10:34:41.586] [DEBUG] cheese - login => username:admin,password:123456
[2021-07-30T10:34:41.586] [DEBUG] cheese - admin
[2021-07-30T10:34:41.588] [DEBUG] cheese - null
[2021-07-30T10:34:41.588] [DEBUG] cheese - null
[2021-07-30T10:37:14.529] [DEBUG] cheese - login => username:admin,password:123456
[2021-07-30T10:37:14.529] [DEBUG] cheese - admin
[2021-07-30T10:37:14.531] [DEBUG] cheese - null
[2021-07-30T10:37:14.531] [DEBUG] cheese - null
[2021-07-30T10:39:39.553] [DEBUG] cheese - login => username:admin,password:123456
[2021-07-30T10:39:39.553] [DEBUG] cheese - admin
[2021-07-30T10:39:39.554] [DEBUG] cheese - null
[2021-07-30T10:39:39.554] [DEBUG] cheese - null
[2021-07-30T10:44:55.719] [DEBUG] cheese - login => username:admin,password:123456
[2021-07-30T10:44:55.719] [DEBUG] cheese - admin
[2021-07-30T10:44:55.721] [DEBUG] cheese - null
[2021-07-30T10:44:55.721] [DEBUG] cheese - null
[2021-07-30T10:45:46.472] [DEBUG] cheese - login => username:admin,password:123456
[2021-07-30T10:45:46.472] [DEBUG] cheese - admin
[2021-07-30T10:45:46.474] [DEBUG] cheese - null
[2021-07-30T10:45:46.474] [DEBUG] cheese - null
[2021-07-30T10:46:44.071] [DEBUG] cheese - login => username:admin,password:123456
[2021-07-30T10:46:44.071] [DEBUG] cheese - admin
[2021-07-30T10:46:44.073] [DEBUG] cheese - null
[2021-07-30T10:46:44.073] [DEBUG] cheese - null
[2021-07-30T10:48:09.375] [DEBUG] cheese - login => username:admin,password:123456
[2021-07-30T10:48:09.376] [DEBUG] cheese - admin
[2021-07-30T10:48:09.377] [DEBUG] cheese - null
[2021-07-30T10:48:09.377] [DEBUG] cheese - null
[2021-07-30T10:48:52.822] [DEBUG] cheese - login => username:admin,password:123456
[2021-07-30T10:48:52.822] [DEBUG] cheese - admin
[2021-07-30T10:48:52.823] [DEBUG] cheese - null
[2021-07-30T10:48:52.823] [DEBUG] cheese - null
[2021-07-30T10:49:45.818] [DEBUG] cheese - login => username:admin,password:123456
[2021-07-30T10:49:45.818] [DEBUG] cheese - admin
[2021-07-30T10:49:45.819] [DEBUG] cheese - null
[2021-07-30T10:49:45.820] [DEBUG] cheese - null
[2021-07-30T10:50:41.831] [DEBUG] cheese - login => username:admin,password:123456
[2021-07-30T10:50:41.831] [DEBUG] cheese - admin
[2021-07-30T10:50:41.833] [DEBUG] cheese - null
[2021-07-30T10:50:41.833] [DEBUG] cheese - null
[2021-07-30T10:53:27.823] [DEBUG] cheese - login => username:admin,password:123456
[2021-07-30T10:53:27.823] [DEBUG] cheese - admin
[2021-07-30T10:53:27.825] [DEBUG] cheese - null
[2021-07-30T10:53:27.825] [DEBUG] cheese - null
[2021-07-30T10:53:41.629] [DEBUG] cheese - login => username:admin,password:123456
[2021-07-30T10:53:41.629] [DEBUG] cheese - admin
[2021-07-30T10:53:41.630] [DEBUG] cheese - null
[2021-07-30T10:53:41.630] [DEBUG] cheese - null
[2021-07-30T10:58:17.335] [DEBUG] cheese - login => username:admin,password:123456
[2021-07-30T10:58:17.335] [DEBUG] cheese - admin
[2021-07-30T10:58:17.337] [DEBUG] cheese - null
[2021-07-30T10:58:17.337] [DEBUG] cheese - null
[2021-07-30T11:00:44.557] [DEBUG] cheese - login => username:admin,password:123456
[2021-07-30T11:00:44.557] [DEBUG] cheese - admin
[2021-07-30T11:00:44.560] [DEBUG] cheese - null
[2021-07-30T11:00:44.560] [DEBUG] cheese - null
[2021-07-30T11:02:38.157] [DEBUG] cheese - login => username:admin,password:123456
[2021-07-30T11:02:38.157] [DEBUG] cheese - admin
[2021-07-30T11:02:38.159] [DEBUG] cheese - null
[2021-07-30T11:02:38.159] [DEBUG] cheese - null
[2021-07-30T11:03:26.907] [DEBUG] cheese - login => username:admin,password:123456
[2021-07-30T11:03:26.907] [DEBUG] cheese - admin
[2021-07-30T11:03:26.908] [DEBUG] cheese - null
[2021-07-30T11:03:26.908] [DEBUG] cheese - null
[2021-07-30T11:03:34.772] [DEBUG] cheese - login => username:admin,password:123456
[2021-07-30T11:03:34.772] [DEBUG] cheese - admin
[2021-07-30T11:03:34.773] [DEBUG] cheese - null
[2021-07-30T11:03:34.773] [DEBUG] cheese - null
[2021-07-30T11:16:34.482] [DEBUG] cheese - login => username:admin,password:123456
[2021-07-30T11:16:34.482] [DEBUG] cheese - admin
[2021-07-30T11:16:34.484] [DEBUG] cheese - null
[2021-07-30T11:16:34.484] [DEBUG] cheese - null
[2021-07-30T11:18:18.388] [DEBUG] cheese - login => username:admin,password:123456
[2021-07-30T11:18:18.388] [DEBUG] cheese - admin
[2021-07-30T11:18:18.390] [DEBUG] cheese - null
[2021-07-30T11:18:18.390] [DEBUG] cheese - null
[2021-07-30T11:18:55.516] [DEBUG] cheese - login => username:admin,password:123456
[2021-07-30T11:18:55.516] [DEBUG] cheese - admin
[2021-07-30T11:18:55.518] [DEBUG] cheese - null
[2021-07-30T11:18:55.518] [DEBUG] cheese - null
[2021-07-30T11:24:25.505] [DEBUG] cheese - login => username:admin,password:123456
[2021-07-30T11:24:25.505] [DEBUG] cheese - admin
[2021-07-30T11:24:25.508] [DEBUG] cheese - null
[2021-07-30T11:24:25.508] [DEBUG] cheese - null
[2021-07-30T11:26:57.275] [DEBUG] cheese - login => username:admin,password:123456
[2021-07-30T11:26:57.275] [DEBUG] cheese - admin
[2021-07-30T11:26:57.277] [DEBUG] cheese - null
[2021-07-30T11:26:57.277] [DEBUG] cheese - null
[2021-07-30T11:30:35.400] [DEBUG] cheese - login => username:123,password:123
[2021-07-30T11:30:35.400] [DEBUG] cheese - 123
[2021-07-30T11:30:35.402] [DEBUG] cheese - null
[2021-07-30T11:30:35.402] [DEBUG] cheese - null
[2021-07-30T11:32:18.169] [DEBUG] cheese - login => username:ad,password:qwe
[2021-07-30T11:32:18.169] [DEBUG] cheese - ad
[2021-07-30T11:32:18.170] [DEBUG] cheese - null
[2021-07-30T11:32:18.170] [DEBUG] cheese - null
[2021-07-30T11:32:59.928] [DEBUG] cheese - login => username:123,password:123
[2021-07-30T11:32:59.928] [DEBUG] cheese - 123
[2021-07-30T11:32:59.929] [DEBUG] cheese - null
[2021-07-30T11:32:59.929] [DEBUG] cheese - null
[2021-07-30T11:33:24.824] [DEBUG] cheese - login => username:agwa,password:aw
[2021-07-30T11:33:24.824] [DEBUG] cheese - agwa
[2021-07-30T11:33:24.826] [DEBUG] cheese - null
[2021-07-30T11:33:24.826] [DEBUG] cheese - null
[2021-07-30T11:33:50.321] [DEBUG] cheese - login => username:21,password:124
[2021-07-30T11:33:50.321] [DEBUG] cheese - 21
[2021-07-30T11:33:50.323] [DEBUG] cheese - null
[2021-07-30T11:33:50.323] [DEBUG] cheese - null
[2021-07-30T11:33:53.463] [DEBUG] cheese - login => username:21,password:124
[2021-07-30T11:33:53.463] [DEBUG] cheese - 21
[2021-07-30T11:33:53.464] [DEBUG] cheese - null
[2021-07-30T11:33:53.464] [DEBUG] cheese - null
[2021-07-30T11:34:58.105] [DEBUG] cheese - login => username:admin,password:123456
[2021-07-30T11:34:58.105] [DEBUG] cheese - admin
[2021-07-30T11:34:58.107] [DEBUG] cheese - null
[2021-07-30T11:34:58.107] [DEBUG] cheese - null
[2021-07-30T11:35:24.192] [DEBUG] cheese - login => username:admin,password:123456
[2021-07-30T11:35:24.192] [DEBUG] cheese - admin
[2021-07-30T11:35:24.193] [DEBUG] cheese - null
[2021-07-30T11:35:24.193] [DEBUG] cheese - null
[2021-07-30T11:35:50.528] [DEBUG] cheese - login => username:admin,password:123456
[2021-07-30T11:35:50.528] [DEBUG] cheese - admin
[2021-07-30T11:35:50.529] [DEBUG] cheese - null
[2021-07-30T11:35:50.529] [DEBUG] cheese - null
[2021-07-30T11:41:07.463] [DEBUG] cheese - login => username:admin,password:123456
[2021-07-30T11:41:07.463] [DEBUG] cheese - admin
[2021-07-30T11:41:07.464] [DEBUG] cheese - null
[2021-07-30T11:41:07.464] [DEBUG] cheese - null
[2021-07-30T12:00:59.804] [DEBUG] cheese - login => username:admin,password:123466
[2021-07-30T12:00:59.804] [DEBUG] cheese - admin
[2021-07-30T12:00:59.806] [DEBUG] cheese - null
[2021-07-30T12:00:59.806] [DEBUG] cheese - null
[2021-07-30T12:01:03.460] [DEBUG] cheese - login => username:admin,password:123456
[2021-07-30T12:01:03.460] [DEBUG] cheese - admin
[2021-07-30T12:01:03.462] [DEBUG] cheese - null
[2021-07-30T12:01:03.462] [DEBUG] cheese - null
[2021-08-02T13:39:08.501] [DEBUG] cheese - login => username:12,password:123
[2021-08-02T13:39:08.503] [DEBUG] cheese - 12
[2021-08-02T13:39:08.545] [DEBUG] cheese - null
[2021-08-02T13:39:08.545] [DEBUG] cheese - null
[2021-08-02T13:39:19.352] [DEBUG] cheese - login => username:admin,password:123456
[2021-08-02T13:39:19.352] [DEBUG] cheese - admin
[2021-08-02T13:39:19.355] [DEBUG] cheese - null
[2021-08-02T13:39:19.355] [DEBUG] cheese - null
[2021-08-02T13:41:30.484] [DEBUG] cheese - login => username:admin,password:123456
[2021-08-02T13:41:30.484] [DEBUG] cheese - admin
[2021-08-02T13:41:30.487] [DEBUG] cheese - null
[2021-08-02T13:41:30.487] [DEBUG] cheese - null
[2021-08-02T13:42:30.520] [DEBUG] cheese - login => username:admin,password:123456
[2021-08-02T13:42:30.521] [DEBUG] cheese - admin
[2021-08-02T13:42:30.522] [DEBUG] cheese - null
[2021-08-02T13:42:30.522] [DEBUG] cheese - null
[2021-08-02T13:56:04.156] [DEBUG] cheese - login => username:admin,password:123456
[2021-08-02T13:56:04.156] [DEBUG] cheese - admin
[2021-08-02T13:56:04.158] [DEBUG] cheese - null
[2021-08-02T13:56:04.158] [DEBUG] cheese - null
[2021-08-02T14:01:45.652] [DEBUG] cheese - login => username:admin,password:123456
[2021-08-02T14:01:45.652] [DEBUG] cheese - admin
[2021-08-02T14:01:45.653] [DEBUG] cheese - null
[2021-08-02T14:01:45.654] [DEBUG] cheese - null
[2021-08-02T14:07:31.179] [DEBUG] cheese - login => username:admin,password:123456
[2021-08-02T14:07:31.179] [DEBUG] cheese - admin
[2021-08-02T14:07:31.181] [DEBUG] cheese - null
[2021-08-02T14:07:31.181] [DEBUG] cheese - null
[2021-08-02T14:08:28.187] [DEBUG] cheese - login => username:admin,password:123456
[2021-08-02T14:08:28.187] [DEBUG] cheese - admin
[2021-08-02T14:08:28.190] [DEBUG] cheese - null
[2021-08-02T14:08:28.190] [DEBUG] cheese - null
[2021-08-02T14:09:21.118] [DEBUG] cheese - login => username:admin,password:123456
[2021-08-02T14:09:21.118] [DEBUG] cheese - admin
[2021-08-02T14:09:21.119] [DEBUG] cheese - null
[2021-08-02T14:09:21.119] [DEBUG] cheese - null
[2021-08-02T14:09:45.567] [DEBUG] cheese - login => username:admin,password:123456
[2021-08-02T14:09:45.567] [DEBUG] cheese - admin
[2021-08-02T14:09:45.569] [DEBUG] cheese - null
[2021-08-02T14:09:45.569] [DEBUG] cheese - null
[2021-08-02T14:10:54.683] [DEBUG] cheese - login => username:admin,password:123456
[2021-08-02T14:10:54.684] [DEBUG] cheese - admin
[2021-08-02T14:10:54.685] [DEBUG] cheese - null
[2021-08-02T14:10:54.685] [DEBUG] cheese - null
[2021-08-02T14:11:09.563] [DEBUG] cheese - login => username:admin,password:123456
[2021-08-02T14:11:09.563] [DEBUG] cheese - admin
[2021-08-02T14:11:09.565] [DEBUG] cheese - null
[2021-08-02T14:11:09.565] [DEBUG] cheese - null
[2021-08-02T14:12:07.469] [DEBUG] cheese - login => username:admin,password:123456
[2021-08-02T14:12:07.470] [DEBUG] cheese - admin
[2021-08-02T14:12:07.471] [DEBUG] cheese - null
[2021-08-02T14:12:07.472] [DEBUG] cheese - null
[2021-08-02T14:13:41.389] [DEBUG] cheese - login => username:admin,password:123456
[2021-08-02T14:13:41.389] [DEBUG] cheese - admin
[2021-08-02T14:13:41.390] [DEBUG] cheese - null
[2021-08-02T14:13:41.390] [DEBUG] cheese - null
[2021-08-02T14:15:03.359] [DEBUG] cheese - login => username:admin,password:1234456
[2021-08-02T14:15:03.359] [DEBUG] cheese - admin
[2021-08-02T14:15:03.363] [DEBUG] cheese - null
[2021-08-02T14:15:03.363] [DEBUG] cheese - null
[2021-08-02T14:15:07.053] [DEBUG] cheese - login => username:admin,password:123456
[2021-08-02T14:15:07.053] [DEBUG] cheese - admin
[2021-08-02T14:15:07.054] [DEBUG] cheese - null
[2021-08-02T14:15:07.054] [DEBUG] cheese - null
[2021-08-02T14:20:29.533] [DEBUG] cheese - login => username:admin,password:123456
[2021-08-02T14:20:29.533] [DEBUG] cheese - admin
[2021-08-02T14:20:29.536] [DEBUG] cheese - null
[2021-08-02T14:20:29.537] [DEBUG] cheese - null
[2021-08-02T14:23:05.033] [DEBUG] cheese - login => username:admin,password:123456
[2021-08-02T14:23:05.034] [DEBUG] cheese - admin
[2021-08-02T14:23:05.035] [DEBUG] cheese - null
[2021-08-02T14:23:05.035] [DEBUG] cheese - null
[2021-08-02T14:23:59.900] [DEBUG] cheese - login => username:admin,password:123456
[2021-08-02T14:23:59.901] [DEBUG] cheese - admin
[2021-08-02T14:23:59.902] [DEBUG] cheese - null
[2021-08-02T14:23:59.902] [DEBUG] cheese - null
[2021-08-02T14:31:15.969] [DEBUG] cheese - login => username:admin,password:123456
[2021-08-02T14:31:15.969] [DEBUG] cheese - admin
[2021-08-02T14:31:15.971] [DEBUG] cheese - null
[2021-08-02T14:31:15.971] [DEBUG] cheese - null
[2021-08-02T14:37:42.112] [DEBUG] cheese - login => username:admin,password:123456
[2021-08-02T14:37:42.112] [DEBUG] cheese - admin
[2021-08-02T14:37:42.114] [DEBUG] cheese - null
[2021-08-02T14:37:42.115] [DEBUG] cheese - null
[2021-08-02T14:48:45.630] [DEBUG] cheese - login => username:admin,password:123456
[2021-08-02T14:48:45.630] [DEBUG] cheese - admin
[2021-08-02T14:48:45.635] [DEBUG] cheese - null
[2021-08-02T14:48:45.635] [DEBUG] cheese - null
[2021-08-02T15:17:28.845] [DEBUG] cheese - login => username:admin,password:123456
[2021-08-02T15:17:28.847] [DEBUG] cheese - admin
[2021-08-02T15:17:28.856] [DEBUG] cheese - null
[2021-08-02T15:17:28.857] [DEBUG] cheese - null
[2021-08-02T15:18:04.941] [DEBUG] cheese - login => username:admin,password:123456
[2021-08-02T15:18:04.941] [DEBUG] cheese - admin
[2021-08-02T15:18:04.943] [DEBUG] cheese - null
[2021-08-02T15:18:04.943] [DEBUG] cheese - null
[2021-08-02T15:19:25.677] [DEBUG] cheese - login => username:admin,password:123456
[2021-08-02T15:19:25.677] [DEBUG] cheese - admin
[2021-08-02T15:19:25.678] [DEBUG] cheese - null
[2021-08-02T15:19:25.678] [DEBUG] cheese - null
[2021-08-02T15:29:12.655] [DEBUG] cheese - login => username:admin,password:123456
[2021-08-02T15:29:12.655] [DEBUG] cheese - admin
[2021-08-02T15:29:12.657] [DEBUG] cheese - null
[2021-08-02T15:29:12.657] [DEBUG] cheese - null
[2021-08-02T15:29:35.882] [DEBUG] cheese - login => username:admin,password:123456
[2021-08-02T15:29:35.882] [DEBUG] cheese - admin
[2021-08-02T15:29:35.884] [DEBUG] cheese - null
[2021-08-02T15:29:35.884] [DEBUG] cheese - null
[2021-08-02T15:33:27.400] [DEBUG] cheese - login => username:admin,password:123456
[2021-08-02T15:33:27.400] [DEBUG] cheese - admin
[2021-08-02T15:33:27.402] [DEBUG] cheese - null
[2021-08-02T15:33:27.402] [DEBUG] cheese - null
[2021-08-02T15:34:11.722] [DEBUG] cheese - login => username:admin,password:123456
[2021-08-02T15:34:11.722] [DEBUG] cheese - admin
[2021-08-02T15:34:11.724] [DEBUG] cheese - null
[2021-08-02T15:34:11.724] [DEBUG] cheese - null
[2021-08-02T15:43:49.217] [DEBUG] cheese - login => username:admin,password:123456
[2021-08-02T15:43:49.217] [DEBUG] cheese - admin
[2021-08-02T15:43:49.218] [DEBUG] cheese - null
[2021-08-02T15:43:49.218] [DEBUG] cheese - null
[2021-08-02T15:44:53.675] [DEBUG] cheese - login => username:admin,password:123456
[2021-08-02T15:44:53.675] [DEBUG] cheese - admin
[2021-08-02T15:44:53.677] [DEBUG] cheese - null
[2021-08-02T15:44:53.677] [DEBUG] cheese - null
[2021-08-02T15:45:23.258] [DEBUG] cheese - login => username:admin,password:123456
[2021-08-02T15:45:23.258] [DEBUG] cheese - admin
[2021-08-02T15:45:23.259] [DEBUG] cheese - null
[2021-08-02T15:45:23.259] [DEBUG] cheese - null
[2021-08-02T15:47:38.672] [DEBUG] cheese - login => username:admin,password:123456
[2021-08-02T15:47:38.672] [DEBUG] cheese - admin
[2021-08-02T15:47:38.673] [DEBUG] cheese - null
[2021-08-02T15:47:38.674] [DEBUG] cheese - null
[2021-08-02T15:48:34.992] [DEBUG] cheese - login => username:admin,password:123456
[2021-08-02T15:48:34.992] [DEBUG] cheese - admin
[2021-08-02T15:48:34.994] [DEBUG] cheese - null
[2021-08-02T15:48:34.994] [DEBUG] cheese - null
[2021-08-02T15:53:44.689] [DEBUG] cheese - login => username:admin,password:123456
[2021-08-02T15:53:44.689] [DEBUG] cheese - admin
[2021-08-02T15:53:44.692] [DEBUG] cheese - null
[2021-08-02T15:53:44.692] [DEBUG] cheese - null
[2021-08-02T15:59:07.634] [DEBUG] cheese - login => username:admin,password:123456
[2021-08-02T15:59:07.634] [DEBUG] cheese - admin
[2021-08-02T15:59:07.636] [DEBUG] cheese - null
[2021-08-02T15:59:07.637] [DEBUG] cheese - null
[2021-08-02T16:00:05.212] [DEBUG] cheese - login => username:admin,password:123456
[2021-08-02T16:00:05.213] [DEBUG] cheese - admin
[2021-08-02T16:00:05.214] [DEBUG] cheese - null
[2021-08-02T16:00:05.214] [DEBUG] cheese - null
[2021-08-02T16:03:32.611] [DEBUG] cheese - login => username:admin,password:123456
[2021-08-02T16:03:32.611] [DEBUG] cheese - admin
[2021-08-02T16:03:32.614] [DEBUG] cheese - null
[2021-08-02T16:03:32.614] [DEBUG] cheese - null
[2021-08-02T16:08:47.784] [DEBUG] cheese - login => username:admin,password:123456
[2021-08-02T16:08:47.786] [DEBUG] cheese - admin
[2021-08-02T16:08:47.790] [DEBUG] cheese - null
[2021-08-02T16:08:47.791] [DEBUG] cheese - null
[2021-08-02T16:18:04.535] [DEBUG] cheese - login => username:admin,password:123456
[2021-08-02T16:18:04.536] [DEBUG] cheese - admin
[2021-08-02T16:18:04.538] [DEBUG] cheese - null
[2021-08-02T16:18:04.538] [DEBUG] cheese - null
[2021-08-02T16:21:48.417] [DEBUG] cheese - login => username:admin,password:123456
[2021-08-02T16:21:48.417] [DEBUG] cheese - admin
[2021-08-02T16:21:48.420] [DEBUG] cheese - null
[2021-08-02T16:21:48.420] [DEBUG] cheese - null
[2021-08-02T16:52:19.586] [DEBUG] cheese - login => username:admin,password:123456
[2021-08-02T16:52:19.588] [DEBUG] cheese - admin
[2021-08-02T16:52:19.631] [DEBUG] cheese - null
[2021-08-02T16:52:19.632] [DEBUG] cheese - null
[2021-08-02T16:54:48.407] [DEBUG] cheese - login => username:admin,password:123456
[2021-08-02T16:54:48.407] [DEBUG] cheese - admin
[2021-08-02T16:54:48.408] [DEBUG] cheese - null
[2021-08-02T16:54:48.409] [DEBUG] cheese - null
[2021-08-02T16:55:33.902] [DEBUG] cheese - login => username:admin,password:123456
[2021-08-02T16:55:33.903] [DEBUG] cheese - admin
[2021-08-02T16:55:33.905] [DEBUG] cheese - null
[2021-08-02T16:55:33.905] [DEBUG] cheese - null
[2021-08-02T17:10:13.973] [DEBUG] cheese - login => username:admin,password:123456
[2021-08-02T17:10:13.973] [DEBUG] cheese - admin
[2021-08-02T17:10:13.975] [DEBUG] cheese - null
[2021-08-02T17:10:13.975] [DEBUG] cheese - null
[2021-08-02T17:12:54.523] [DEBUG] cheese - login => username:admin,password:123456
[2021-08-02T17:12:54.523] [DEBUG] cheese - admin
[2021-08-02T17:12:54.525] [DEBUG] cheese - null
[2021-08-02T17:12:54.525] [DEBUG] cheese - null
[2021-08-02T17:15:50.139] [DEBUG] cheese - login => username:admin,password:123456
[2021-08-02T17:15:50.139] [DEBUG] cheese - admin
[2021-08-02T17:15:50.142] [DEBUG] cheese - null
[2021-08-02T17:15:50.142] [DEBUG] cheese - null
[2021-08-02T17:23:53.483] [DEBUG] cheese - login => username:admin,password:123456
[2021-08-02T17:23:53.483] [DEBUG] cheese - admin
[2021-08-02T17:23:53.486] [DEBUG] cheese - null
[2021-08-02T17:23:53.486] [DEBUG] cheese - null
[2021-08-02T17:24:49.371] [DEBUG] cheese - login => username:admin,password:123456
[2021-08-02T17:24:49.371] [DEBUG] cheese - admin
[2021-08-02T17:24:49.372] [DEBUG] cheese - null
[2021-08-02T17:24:49.372] [DEBUG] cheese - null
[2021-08-02T17:25:46.817] [DEBUG] cheese - login => username:admin,password:123456
[2021-08-02T17:25:46.817] [DEBUG] cheese - admin
[2021-08-02T17:25:46.819] [DEBUG] cheese - null
[2021-08-02T17:25:46.819] [DEBUG] cheese - null
[2021-08-02T17:26:20.170] [DEBUG] cheese - login => username:admin,password:123456
[2021-08-02T17:26:20.170] [DEBUG] cheese - admin
[2021-08-02T17:26:20.172] [DEBUG] cheese - null
[2021-08-02T17:26:20.172] [DEBUG] cheese - null
[2021-08-02T17:43:20.995] [DEBUG] cheese - login => username:admin,password:123456
[2021-08-02T17:43:20.995] [DEBUG] cheese - admin
[2021-08-02T17:43:20.996] [DEBUG] cheese - null
[2021-08-02T17:43:20.996] [DEBUG] cheese - null
[2021-08-02T17:46:02.586] [DEBUG] cheese - login => username:admin,password:123456
[2021-08-02T17:46:02.586] [DEBUG] cheese - admin
[2021-08-02T17:46:02.588] [DEBUG] cheese - null
[2021-08-02T17:46:02.588] [DEBUG] cheese - null
[2021-08-02T17:46:17.833] [DEBUG] cheese - login => username:admin,password:123456
[2021-08-02T17:46:17.833] [DEBUG] cheese - admin
[2021-08-02T17:46:17.834] [DEBUG] cheese - null
[2021-08-02T17:46:17.834] [DEBUG] cheese - null
[2021-08-02T17:47:56.818] [DEBUG] cheese - login => username:admin,password:123456
[2021-08-02T17:47:56.818] [DEBUG] cheese - admin
[2021-08-02T17:47:56.820] [DEBUG] cheese - null
[2021-08-02T17:47:56.820] [DEBUG] cheese - null
[2021-08-02T17:48:49.602] [DEBUG] cheese - login => username:admin,password:123456
[2021-08-02T17:48:49.602] [DEBUG] cheese - admin
[2021-08-02T17:48:49.603] [DEBUG] cheese - null
[2021-08-02T17:48:49.604] [DEBUG] cheese - null
[2021-08-02T17:49:21.937] [DEBUG] cheese - login => username:admin,password:123456
[2021-08-02T17:49:21.937] [DEBUG] cheese - admin
[2021-08-02T17:49:21.939] [DEBUG] cheese - null
[2021-08-02T17:49:21.939] [DEBUG] cheese - null
[2021-08-02T17:50:30.160] [DEBUG] cheese - login => username:admin,password:123456
[2021-08-02T17:50:30.160] [DEBUG] cheese - admin
[2021-08-02T17:50:30.162] [DEBUG] cheese - null
[2021-08-02T17:50:30.162] [DEBUG] cheese - null
[2021-08-02T17:52:55.601] [DEBUG] cheese - login => username:admin,password:123456
[2021-08-02T17:52:55.601] [DEBUG] cheese - admin
[2021-08-02T17:52:55.602] [DEBUG] cheese - null
[2021-08-02T17:52:55.603] [DEBUG] cheese - null
[2021-08-02T17:56:13.097] [DEBUG] cheese - login => username:admin,password:123456
[2021-08-02T17:56:13.097] [DEBUG] cheese - admin
[2021-08-02T17:56:13.098] [DEBUG] cheese - null
[2021-08-02T17:56:13.098] [DEBUG] cheese - null
[2021-08-02T17:59:20.704] [DEBUG] cheese - login => username:admin,password:123456
[2021-08-02T17:59:20.704] [DEBUG] cheese - admin
[2021-08-02T17:59:20.706] [DEBUG] cheese - null
[2021-08-02T17:59:20.707] [DEBUG] cheese - null
[2021-08-02T18:00:53.809] [DEBUG] cheese - login => username:admin,password:123456
[2021-08-02T18:00:53.809] [DEBUG] cheese - admin
[2021-08-02T18:00:53.810] [DEBUG] cheese - null
[2021-08-02T18:00:53.810] [DEBUG] cheese - null
[2021-08-02T18:02:24.464] [DEBUG] cheese - login => username:admin,password:123456
[2021-08-02T18:02:24.464] [DEBUG] cheese - admin
[2021-08-02T18:02:24.466] [DEBUG] cheese - null
[2021-08-02T18:02:24.466] [DEBUG] cheese - null
[2021-08-02T18:03:15.776] [DEBUG] cheese - login => username:admin,password:123456
[2021-08-02T18:03:15.776] [DEBUG] cheese - admin
[2021-08-02T18:03:15.777] [DEBUG] cheese - null
[2021-08-02T18:03:15.777] [DEBUG] cheese - null
[2021-08-02T18:08:45.488] [DEBUG] cheese - login => username:123,password:123
[2021-08-02T18:08:45.488] [DEBUG] cheese - 123
[2021-08-02T18:08:45.490] [DEBUG] cheese - null
[2021-08-02T18:08:45.490] [DEBUG] cheese - null
[2021-08-02T18:13:08.119] [DEBUG] cheese - login => username:admin,password:123456
[2021-08-02T18:13:08.119] [DEBUG] cheese - admin
[2021-08-02T18:13:08.121] [DEBUG] cheese - null
[2021-08-02T18:13:08.121] [DEBUG] cheese - null
[2021-08-02T18:13:59.414] [DEBUG] cheese - login => username:admin,password:123456
[2021-08-02T18:13:59.414] [DEBUG] cheese - admin
[2021-08-02T18:13:59.416] [DEBUG] cheese - null
[2021-08-02T18:13:59.416] [DEBUG] cheese - null
[2021-08-02T18:19:07.567] [DEBUG] cheese - login => username:admin,password:123456
[2021-08-02T18:19:07.567] [DEBUG] cheese - admin
[2021-08-02T18:19:07.568] [DEBUG] cheese - null
[2021-08-02T18:19:07.568] [DEBUG] cheese - null
[2021-08-03T08:45:32.920] [DEBUG] cheese - login => username:admin,password:123456
[2021-08-03T08:53:06.073] [DEBUG] cheese - login => username:admin,password:123456
[2021-08-03T08:53:06.075] [DEBUG] cheese - admin
[2021-08-03T08:53:06.085] [DEBUG] cheese - null
[2021-08-03T08:53:06.085] [DEBUG] cheese - null
[2021-08-03T08:55:13.700] [DEBUG] cheese - login => username:admin,password:123456
[2021-08-03T08:55:13.700] [DEBUG] cheese - admin
[2021-08-03T08:55:13.702] [DEBUG] cheese - null
[2021-08-03T08:55:13.702] [DEBUG] cheese - null
[2021-08-03T08:59:53.727] [DEBUG] cheese - login => username:admin,password:123456
[2021-08-03T08:59:53.727] [DEBUG] cheese - admin
[2021-08-03T08:59:53.733] [DEBUG] cheese - null
[2021-08-03T08:59:53.733] [DEBUG] cheese - null
[2021-08-03T09:00:49.251] [DEBUG] cheese - login => username:admin,password:123456
[2021-08-03T09:00:49.251] [DEBUG] cheese - admin
[2021-08-03T09:00:49.256] [DEBUG] cheese - null
[2021-08-03T09:00:49.256] [DEBUG] cheese - null
[2021-08-03T09:01:23.119] [DEBUG] cheese - login => username:admin,password:123456
[2021-08-03T09:01:23.119] [DEBUG] cheese - admin
[2021-08-03T09:01:23.124] [DEBUG] cheese - null
[2021-08-03T09:01:23.125] [DEBUG] cheese - null
[2021-08-03T09:11:38.049] [DEBUG] cheese - login => username:admin,password:123456
[2021-08-03T09:11:38.049] [DEBUG] cheese - admin
[2021-08-03T09:11:38.053] [DEBUG] cheese - null
[2021-08-03T09:11:38.053] [DEBUG] cheese - null
[2021-08-03T09:13:45.068] [DEBUG] cheese - login => username:admin,password:123456
[2021-08-03T09:13:45.068] [DEBUG] cheese - admin
[2021-08-03T09:13:45.070] [DEBUG] cheese - null
[2021-08-03T09:13:45.070] [DEBUG] cheese - null
[2021-08-03T09:17:24.587] [DEBUG] cheese - login => username:admin,password:123456
[2021-08-03T09:17:24.587] [DEBUG] cheese - admin
[2021-08-03T09:17:24.589] [DEBUG] cheese - null
[2021-08-03T09:17:24.589] [DEBUG] cheese - null
[2021-08-03T09:24:13.907] [DEBUG] cheese - login => username:admin,password:123456
[2021-08-03T09:24:13.907] [DEBUG] cheese - admin
[2021-08-03T09:24:13.908] [DEBUG] cheese - null
[2021-08-03T09:24:13.908] [DEBUG] cheese - null
[2021-08-03T09:31:39.071] [DEBUG] cheese - login => username:admin,password:123456
[2021-08-03T09:31:39.071] [DEBUG] cheese - admin
[2021-08-03T09:31:39.072] [DEBUG] cheese - null
[2021-08-03T09:31:39.072] [DEBUG] cheese - null
[2021-08-03T09:36:10.118] [DEBUG] cheese - login => username:admin,password:123456
[2021-08-03T09:36:10.118] [DEBUG] cheese - admin
[2021-08-03T09:36:10.120] [DEBUG] cheese - null
[2021-08-03T09:36:10.120] [DEBUG] cheese - null
[2021-08-03T09:38:42.850] [DEBUG] cheese - login => username:admin,password:123456
[2021-08-03T09:38:42.850] [DEBUG] cheese - admin
[2021-08-03T09:38:42.852] [DEBUG] cheese - null
[2021-08-03T09:38:42.852] [DEBUG] cheese - null
